<?xml version="1.0" encoding="UTF-8"?>
<testng-results skipped="0" failed="0" total="2" passed="2">
  <reporter-output>
  </reporter-output>
  <suite name="Default suite" duration-ms="1603" started-at="2016-02-19T19:27:24Z" finished-at="2016-02-19T19:27:26Z">
    <groups>
    </groups>
    <test name="Default test" duration-ms="1603" started-at="2016-02-19T19:27:24Z" finished-at="2016-02-19T19:27:26Z">
      <class name="org.Siva.TestProject.TestngTester">
        <test-method status="PASS" signature="test1()[pri:0, instance:org.Siva.TestProject.TestngTester@591f989e]" name="test1" duration-ms="1545" started-at="2016-02-20T00:57:24Z" finished-at="2016-02-20T00:57:26Z">
          <reporter-output>
          </reporter-output>
        </test-method> <!-- test1 -->
        <test-method status="PASS" signature="test2()[pri:0, instance:org.Siva.TestProject.TestngTester@591f989e]" name="test2" duration-ms="36" started-at="2016-02-20T00:57:26Z" finished-at="2016-02-20T00:57:26Z">
          <reporter-output>
          </reporter-output>
        </test-method> <!-- test2 -->
      </class> <!-- org.Siva.TestProject.TestngTester -->
    </test> <!-- Default test -->
  </suite> <!-- Default suite -->
</testng-results>
